<?xml version="1.0" encoding="UTF-8"?>
<!-- Generated by org.testng.reporters.JUnitReportReporter -->
<testsuite hostname="dag.lv.lohika.com" name="com.sqa.tests.FixedMenuTest" tests="3" failures="0" timestamp="18 Jul 2013 13:00:32 GMT" time="5.494" errors="0">
  <testcase name="checkUrl" time="1.219" classname="com.sqa.tests.FixedMenuTest"/>
  <testcase name="checkLogo" time="2.492" classname="com.sqa.tests.FixedMenuTest"/>
  <testcase name="checkSeachButton" time="1.783" classname="com.sqa.tests.FixedMenuTest"/>
</testsuite> <!-- com.sqa.tests.FixedMenuTest -->
