<?xml version="1.0" encoding="UTF-8"?>
<!-- Generated by org.testng.reporters.JUnitReportReporter -->
<testsuite hostname="DAG.local" name="com.sqa.tests.SearchTest" tests="1" failures="0" timestamp="25 Jul 2013 16:43:43 GMT" time="47.745" errors="0">
  <testcase name="checkSearchingWorks" time="47.745" classname="com.sqa.tests.SearchTest"/>
</testsuite> <!-- com.sqa.tests.SearchTest -->
