<?xml version="1.0" encoding="UTF-8"?>
<!-- Generated by org.testng.reporters.JUnitReportReporter -->
<testsuite hostname="DAG.local" name="com.sqa.tests.IconMovingTest" tests="1" failures="0" timestamp="29 Jul 2013 16:37:05 GMT" time="46.688" errors="0">
  <testcase name="checkSearchingWorks" time="46.688" classname="com.sqa.tests.IconMovingTest"/>
</testsuite> <!-- com.sqa.tests.IconMovingTest -->
