<?xml version="1.0" encoding="UTF-8" ?>
<testsuite failures="0" time="0.236" errors="0" skipped="0" tests="0" name="TestSuite">
  <properties>
    <property name="java.runtime.name" value="Java(TM) SE Runtime Environment"/>
    <property name="sun.boot.library.path" value="/System/Library/Java/JavaVirtualMachines/1.6.0.jdk/Contents/Libraries"/>
    <property name="java.vm.version" value="20.51-b01-457"/>
    <property name="awt.nativeDoubleBuffering" value="true"/>
    <property name="gopherProxySet" value="false"/>
    <property name="mrj.build" value="11M4509"/>
    <property name="java.vm.vendor" value="Apple Inc."/>
    <property name="java.vendor.url" value="http://www.apple.com/"/>
    <property name="path.separator" value=":"/>
    <property name="java.vm.name" value="Java HotSpot(TM) 64-Bit Server VM"/>
    <property name="file.encoding.pkg" value="sun.io"/>
    <property name="user.country" value="RU"/>
    <property name="sun.java.launcher" value="SUN_STANDARD"/>
    <property name="sun.os.patch.level" value="unknown"/>
    <property name="java.vm.specification.name" value="Java Virtual Machine Specification"/>
    <property name="user.dir" value="/Developing/Automation Testing/SQA/framework/framework/sqa"/>
    <property name="java.runtime.version" value="1.6.0_51-b11-457-11M4509"/>
    <property name="java.awt.graphicsenv" value="apple.awt.CGraphicsEnvironment"/>
    <property name="basedir" value="/Developing/Automation Testing/SQA/framework/framework/sqa"/>
    <property name="java.endorsed.dirs" value="/System/Library/Java/JavaVirtualMachines/1.6.0.jdk/Contents/Home/lib/endorsed"/>
    <property name="os.arch" value="x86_64"/>
    <property name="surefire.real.class.path" value="/Developing/Automation Testing/SQA/framework/framework/sqa/target/surefire/surefirebooter1976120096181473949.jar"/>
    <property name="java.io.tmpdir" value="/var/folders/2w/3j66lc2j3p3drtp0x67bwms00000gn/T/"/>
    <property name="line.separator" value="
"/>
    <property name="java.vm.specification.vendor" value="Sun Microsystems Inc."/>
    <property name="os.name" value="Mac OS X"/>
    <property name="sun.jnu.encoding" value="MacCyrillic"/>
    <property name="java.library.path" value=".:/Library/Java/Extensions:/System/Library/Java/Extensions:/usr/lib/java"/>
    <property name="surefire.test.class.path" value="/Developing/Automation Testing/SQA/framework/framework/sqa/target/test-classes:/Developing/Automation Testing/SQA/framework/framework/sqa/target/classes:/Users/ZayCo/.m2/repository/junit/junit/3.8.1/junit-3.8.1.jar:/Users/ZayCo/.m2/repository/org/testng/testng/6.3.1/testng-6.3.1.jar:/Users/ZayCo/.m2/repository/org/beanshell/bsh/2.0b4/bsh-2.0b4.jar:/Users/ZayCo/.m2/repository/com/beust/jcommander/1.12/jcommander-1.12.jar:/Users/ZayCo/.m2/repository/org/yaml/snakeyaml/1.6/snakeyaml-1.6.jar:/Users/ZayCo/.m2/repository/org/seleniumhq/selenium/selenium-java/2.33.0/selenium-java-2.33.0.jar:/Users/ZayCo/.m2/repository/org/seleniumhq/selenium/selenium-android-driver/2.33.0/selenium-android-driver-2.33.0.jar:/Users/ZayCo/.m2/repository/org/seleniumhq/selenium/selenium-remote-driver/2.33.0/selenium-remote-driver-2.33.0.jar:/Users/ZayCo/.m2/repository/cglib/cglib-nodep/2.1_3/cglib-nodep-2.1_3.jar:/Users/ZayCo/.m2/repository/org/json/json/20080701/json-20080701.jar:/Users/ZayCo/.m2/repository/com/google/guava/guava/14.0/guava-14.0.jar:/Users/ZayCo/.m2/repository/org/seleniumhq/selenium/selenium-chrome-driver/2.33.0/selenium-chrome-driver-2.33.0.jar:/Users/ZayCo/.m2/repository/org/seleniumhq/selenium/selenium-htmlunit-driver/2.33.0/selenium-htmlunit-driver-2.33.0.jar:/Users/ZayCo/.m2/repository/net/sourceforge/htmlunit/htmlunit/2.12/htmlunit-2.12.jar:/Users/ZayCo/.m2/repository/xalan/xalan/2.7.1/xalan-2.7.1.jar:/Users/ZayCo/.m2/repository/xalan/serializer/2.7.1/serializer-2.7.1.jar:/Users/ZayCo/.m2/repository/commons-collections/commons-collections/3.2.1/commons-collections-3.2.1.jar:/Users/ZayCo/.m2/repository/org/apache/commons/commons-lang3/3.1/commons-lang3-3.1.jar:/Users/ZayCo/.m2/repository/org/apache/httpcomponents/httpmime/4.2.3/httpmime-4.2.3.jar:/Users/ZayCo/.m2/repository/commons-codec/commons-codec/1.7/commons-codec-1.7.jar:/Users/ZayCo/.m2/repository/net/sourceforge/htmlunit/htmlunit-core-js/2.12/htmlunit-core-js-2.12.jar:/Users/ZayCo/.m2/repository/xerces/xercesImpl/2.10.0/xercesImpl-2.10.0.jar:/Users/ZayCo/.m2/repository/xml-apis/xml-apis/1.4.01/xml-apis-1.4.01.jar:/Users/ZayCo/.m2/repository/net/sourceforge/nekohtml/nekohtml/1.9.18/nekohtml-1.9.18.jar:/Users/ZayCo/.m2/repository/net/sourceforge/cssparser/cssparser/0.9.9/cssparser-0.9.9.jar:/Users/ZayCo/.m2/repository/org/w3c/css/sac/1.3/sac-1.3.jar:/Users/ZayCo/.m2/repository/commons-logging/commons-logging/1.1.1/commons-logging-1.1.1.jar:/Users/ZayCo/.m2/repository/org/eclipse/jetty/jetty-websocket/8.1.9.v20130131/jetty-websocket-8.1.9.v20130131.jar:/Users/ZayCo/.m2/repository/org/eclipse/jetty/jetty-util/8.1.9.v20130131/jetty-util-8.1.9.v20130131.jar:/Users/ZayCo/.m2/repository/org/eclipse/jetty/jetty-io/8.1.9.v20130131/jetty-io-8.1.9.v20130131.jar:/Users/ZayCo/.m2/repository/org/eclipse/jetty/jetty-http/8.1.9.v20130131/jetty-http-8.1.9.v20130131.jar:/Users/ZayCo/.m2/repository/org/apache/httpcomponents/httpclient/4.2.1/httpclient-4.2.1.jar:/Users/ZayCo/.m2/repository/org/apache/httpcomponents/httpcore/4.2.1/httpcore-4.2.1.jar:/Users/ZayCo/.m2/repository/org/seleniumhq/selenium/selenium-firefox-driver/2.33.0/selenium-firefox-driver-2.33.0.jar:/Users/ZayCo/.m2/repository/commons-io/commons-io/2.2/commons-io-2.2.jar:/Users/ZayCo/.m2/repository/org/apache/commons/commons-exec/1.1/commons-exec-1.1.jar:/Users/ZayCo/.m2/repository/org/seleniumhq/selenium/selenium-ie-driver/2.33.0/selenium-ie-driver-2.33.0.jar:/Users/ZayCo/.m2/repository/net/java/dev/jna/jna/3.4.0/jna-3.4.0.jar:/Users/ZayCo/.m2/repository/net/java/dev/jna/platform/3.4.0/platform-3.4.0.jar:/Users/ZayCo/.m2/repository/org/seleniumhq/selenium/selenium-iphone-driver/2.33.0/selenium-iphone-driver-2.33.0.jar:/Users/ZayCo/.m2/repository/org/seleniumhq/selenium/selenium-safari-driver/2.33.0/selenium-safari-driver-2.33.0.jar:/Users/ZayCo/.m2/repository/org/seleniumhq/selenium/selenium-support/2.33.0/selenium-support-2.33.0.jar:/Users/ZayCo/.m2/repository/org/seleniumhq/selenium/selenium-api/2.33.0/selenium-api-2.33.0.jar:/Users/ZayCo/.m2/repository/org/webbitserver/webbit/0.4.14/webbit-0.4.14.jar:/Users/ZayCo/.m2/repository/io/netty/netty/3.5.2.Final/netty-3.5.2.Final.jar:/System/Library/Java/JavaVirtualMachines/1.6.0.jdk/Contents/Home/lib/plugin.jar:/Users/ZayCo/.m2/repository/mysql/mysql-connector-java/5.1.20/mysql-connector-java-5.1.20.jar:"/>
    <property name="java.specification.name" value="Java Platform API Specification"/>
    <property name="java.class.version" value="50.0"/>
    <property name="sun.management.compiler" value="HotSpot 64-Bit Tiered Compilers"/>
    <property name="os.version" value="10.7.5"/>
    <property name="user.home" value="/Users/ZayCo"/>
    <property name="user.timezone" value="GMT+02:00"/>
    <property name="java.awt.printerjob" value="apple.awt.CPrinterJob"/>
    <property name="java.specification.version" value="1.6"/>
    <property name="file.encoding" value="MacCyrillic"/>
    <property name="user.name" value="ZayCo"/>
    <property name="java.class.path" value="/Developing/Automation Testing/SQA/framework/framework/sqa/target/test-classes:/Developing/Automation Testing/SQA/framework/framework/sqa/target/classes:/Users/ZayCo/.m2/repository/junit/junit/3.8.1/junit-3.8.1.jar:/Users/ZayCo/.m2/repository/org/testng/testng/6.3.1/testng-6.3.1.jar:/Users/ZayCo/.m2/repository/org/beanshell/bsh/2.0b4/bsh-2.0b4.jar:/Users/ZayCo/.m2/repository/com/beust/jcommander/1.12/jcommander-1.12.jar:/Users/ZayCo/.m2/repository/org/yaml/snakeyaml/1.6/snakeyaml-1.6.jar:/Users/ZayCo/.m2/repository/org/seleniumhq/selenium/selenium-java/2.33.0/selenium-java-2.33.0.jar:/Users/ZayCo/.m2/repository/org/seleniumhq/selenium/selenium-android-driver/2.33.0/selenium-android-driver-2.33.0.jar:/Users/ZayCo/.m2/repository/org/seleniumhq/selenium/selenium-remote-driver/2.33.0/selenium-remote-driver-2.33.0.jar:/Users/ZayCo/.m2/repository/cglib/cglib-nodep/2.1_3/cglib-nodep-2.1_3.jar:/Users/ZayCo/.m2/repository/org/json/json/20080701/json-20080701.jar:/Users/ZayCo/.m2/repository/com/google/guava/guava/14.0/guava-14.0.jar:/Users/ZayCo/.m2/repository/org/seleniumhq/selenium/selenium-chrome-driver/2.33.0/selenium-chrome-driver-2.33.0.jar:/Users/ZayCo/.m2/repository/org/seleniumhq/selenium/selenium-htmlunit-driver/2.33.0/selenium-htmlunit-driver-2.33.0.jar:/Users/ZayCo/.m2/repository/net/sourceforge/htmlunit/htmlunit/2.12/htmlunit-2.12.jar:/Users/ZayCo/.m2/repository/xalan/xalan/2.7.1/xalan-2.7.1.jar:/Users/ZayCo/.m2/repository/xalan/serializer/2.7.1/serializer-2.7.1.jar:/Users/ZayCo/.m2/repository/commons-collections/commons-collections/3.2.1/commons-collections-3.2.1.jar:/Users/ZayCo/.m2/repository/org/apache/commons/commons-lang3/3.1/commons-lang3-3.1.jar:/Users/ZayCo/.m2/repository/org/apache/httpcomponents/httpmime/4.2.3/httpmime-4.2.3.jar:/Users/ZayCo/.m2/repository/commons-codec/commons-codec/1.7/commons-codec-1.7.jar:/Users/ZayCo/.m2/repository/net/sourceforge/htmlunit/htmlunit-core-js/2.12/htmlunit-core-js-2.12.jar:/Users/ZayCo/.m2/repository/xerces/xercesImpl/2.10.0/xercesImpl-2.10.0.jar:/Users/ZayCo/.m2/repository/xml-apis/xml-apis/1.4.01/xml-apis-1.4.01.jar:/Users/ZayCo/.m2/repository/net/sourceforge/nekohtml/nekohtml/1.9.18/nekohtml-1.9.18.jar:/Users/ZayCo/.m2/repository/net/sourceforge/cssparser/cssparser/0.9.9/cssparser-0.9.9.jar:/Users/ZayCo/.m2/repository/org/w3c/css/sac/1.3/sac-1.3.jar:/Users/ZayCo/.m2/repository/commons-logging/commons-logging/1.1.1/commons-logging-1.1.1.jar:/Users/ZayCo/.m2/repository/org/eclipse/jetty/jetty-websocket/8.1.9.v20130131/jetty-websocket-8.1.9.v20130131.jar:/Users/ZayCo/.m2/repository/org/eclipse/jetty/jetty-util/8.1.9.v20130131/jetty-util-8.1.9.v20130131.jar:/Users/ZayCo/.m2/repository/org/eclipse/jetty/jetty-io/8.1.9.v20130131/jetty-io-8.1.9.v20130131.jar:/Users/ZayCo/.m2/repository/org/eclipse/jetty/jetty-http/8.1.9.v20130131/jetty-http-8.1.9.v20130131.jar:/Users/ZayCo/.m2/repository/org/apache/httpcomponents/httpclient/4.2.1/httpclient-4.2.1.jar:/Users/ZayCo/.m2/repository/org/apache/httpcomponents/httpcore/4.2.1/httpcore-4.2.1.jar:/Users/ZayCo/.m2/repository/org/seleniumhq/selenium/selenium-firefox-driver/2.33.0/selenium-firefox-driver-2.33.0.jar:/Users/ZayCo/.m2/repository/commons-io/commons-io/2.2/commons-io-2.2.jar:/Users/ZayCo/.m2/repository/org/apache/commons/commons-exec/1.1/commons-exec-1.1.jar:/Users/ZayCo/.m2/repository/org/seleniumhq/selenium/selenium-ie-driver/2.33.0/selenium-ie-driver-2.33.0.jar:/Users/ZayCo/.m2/repository/net/java/dev/jna/jna/3.4.0/jna-3.4.0.jar:/Users/ZayCo/.m2/repository/net/java/dev/jna/platform/3.4.0/platform-3.4.0.jar:/Users/ZayCo/.m2/repository/org/seleniumhq/selenium/selenium-iphone-driver/2.33.0/selenium-iphone-driver-2.33.0.jar:/Users/ZayCo/.m2/repository/org/seleniumhq/selenium/selenium-safari-driver/2.33.0/selenium-safari-driver-2.33.0.jar:/Users/ZayCo/.m2/repository/org/seleniumhq/selenium/selenium-support/2.33.0/selenium-support-2.33.0.jar:/Users/ZayCo/.m2/repository/org/seleniumhq/selenium/selenium-api/2.33.0/selenium-api-2.33.0.jar:/Users/ZayCo/.m2/repository/org/webbitserver/webbit/0.4.14/webbit-0.4.14.jar:/Users/ZayCo/.m2/repository/io/netty/netty/3.5.2.Final/netty-3.5.2.Final.jar:/System/Library/Java/JavaVirtualMachines/1.6.0.jdk/Contents/Home/lib/plugin.jar:/Users/ZayCo/.m2/repository/mysql/mysql-connector-java/5.1.20/mysql-connector-java-5.1.20.jar:"/>
    <property name="java.vm.specification.version" value="1.0"/>
    <property name="sun.arch.data.model" value="64"/>
    <property name="java.home" value="/System/Library/Java/JavaVirtualMachines/1.6.0.jdk/Contents/Home"/>
    <property name="sun.java.command" value="/Developing/Automation Testing/SQA/framework/framework/sqa/target/surefire/surefirebooter1976120096181473949.jar /Developing/Automation Testing/SQA/framework/framework/sqa/target/surefire/surefire8456440612807867296tmp /Developing/Automation Testing/SQA/framework/framework/sqa/target/surefire/surefire6877490975688900712tmp"/>
    <property name="clean" value="true"/>
    <property name="java.specification.vendor" value="Sun Microsystems Inc."/>
    <property name="user.language" value="ru"/>
    <property name="awt.toolkit" value="apple.awt.CToolkit"/>
    <property name="java.vm.info" value="mixed mode"/>
    <property name="java.version" value="1.6.0_51"/>
    <property name="java.ext.dirs" value="/Library/Java/Extensions:/System/Library/Java/Extensions:/System/Library/Java/JavaVirtualMachines/1.6.0.jdk/Contents/Home/lib/ext"/>
    <property name="sun.boot.class.path" value="/System/Library/Java/JavaVirtualMachines/1.6.0.jdk/Contents/Classes/jsfd.jar:/System/Library/Java/JavaVirtualMachines/1.6.0.jdk/Contents/Classes/classes.jar:/System/Library/Frameworks/JavaVM.framework/Frameworks/JavaRuntimeSupport.framework/Resources/Java/JavaRuntimeSupport.jar:/System/Library/Java/JavaVirtualMachines/1.6.0.jdk/Contents/Classes/ui.jar:/System/Library/Java/JavaVirtualMachines/1.6.0.jdk/Contents/Classes/laf.jar:/System/Library/Java/JavaVirtualMachines/1.6.0.jdk/Contents/Classes/sunrsasign.jar:/System/Library/Java/JavaVirtualMachines/1.6.0.jdk/Contents/Classes/jsse.jar:/System/Library/Java/JavaVirtualMachines/1.6.0.jdk/Contents/Classes/jce.jar:/System/Library/Java/JavaVirtualMachines/1.6.0.jdk/Contents/Classes/charsets.jar"/>
    <property name="java.vendor" value="Apple Inc."/>
    <property name="localRepository" value="/Users/ZayCo/.m2/repository"/>
    <property name="file.separator" value="/"/>
    <property name="java.vendor.url.bug" value="http://bugreport.apple.com/"/>
    <property name="sun.cpu.endian" value="little"/>
    <property name="sun.io.unicode.encoding" value="UnicodeLittle"/>
    <property name="mrj.version" value="1070.1.6.0_51-457"/>
    <property name="sun.cpu.isalist" value=""/>
  </properties>
</testsuite>