<?xml version="1.0" encoding="UTF-8"?>
<!-- Generated by org.testng.reporters.JUnitReportReporter -->
<testsuite hostname="dag.lv.lohika.com" name="com.sqa.tests.FixedMenuTest" tests="3" failures="0" timestamp="18 Jul 2013 13:02:17 GMT" time="5,336" errors="0">
  <testcase name="checkSeachButton" time="1,635" classname="com.sqa.tests.FixedMenuTest"/>
  <testcase name="checkLogo" time="1,780" classname="com.sqa.tests.FixedMenuTest"/>
  <testcase name="checkUrl" time="1,921" classname="com.sqa.tests.FixedMenuTest"/>
</testsuite>
