<?xml version="1.0" encoding="UTF-8"?>
<!-- Generated by org.testng.reporters.JUnitReportReporter -->
<testsuite hostname="lvp1210009" name="com.sqa.tests.FixedMenuTest" tests="3" failures="0" timestamp="18 Jul 2013 13:45:55 GMT" time="3,103" errors="0">
  <testcase name="checkSeachButton" time="0,970" classname="com.sqa.tests.FixedMenuTest"/>
  <testcase name="checkUrl" time="0,603" classname="com.sqa.tests.FixedMenuTest"/>
  <testcase name="checkLogo" time="1,530" classname="com.sqa.tests.FixedMenuTest"/>
</testsuite>
