<?xml version="1.0" encoding="UTF-8"?>
<!-- Generated by org.testng.reporters.JUnitReportReporter -->
<testsuite hostname="DAG.local" name="com.sqa.tests.FixedMenuTest" tests="3" failures="0" timestamp="29 Jul 2013 17:44:54 GMT" time="35,291" errors="0">
  <testcase name="checkLogo" time="33,513" classname="com.sqa.tests.FixedMenuTest"/>
  <testcase name="checkUrl" time="0,626" classname="com.sqa.tests.FixedMenuTest"/>
  <testcase name="checkSeachButton" time="1,152" classname="com.sqa.tests.FixedMenuTest"/>
</testsuite>
