<?xml version="1.0" encoding="UTF-8"?>
<!-- Generated by org.testng.reporters.JUnitReportReporter -->
<testsuite hostname="dag.lv.lohika.com" name="com.sqa.tests.FixedMenuTest" tests="3" failures="0" timestamp="18 Jul 2013 13:03:29 GMT" time="5,174" errors="0">
  <testcase name="checkUrl" time="1,224" classname="com.sqa.tests.FixedMenuTest"/>
  <testcase name="checkSeachButton" time="1,793" classname="com.sqa.tests.FixedMenuTest"/>
  <testcase name="checkLogo" time="2,157" classname="com.sqa.tests.FixedMenuTest"/>
</testsuite>
