<?xml version="1.0" encoding="UTF-8"?>
<!-- Generated by org.testng.reporters.JUnitReportReporter -->
<testsuite hostname="DAG.local" name="com.sqa.tests.IconMovingTest" tests="1" failures="0" timestamp="29 Jul 2013 17:44:54 GMT" time="41,925" errors="0">
  <testcase name="checkSearchingWorks" time="41,925" classname="com.sqa.tests.IconMovingTest"/>
</testsuite>
